  [1m[35m (11.1ms)[0m  [1m[34mSELECT sqlite_version(*)[0m
  [1m[35m (167.6ms)[0m  [1m[35mCREATE TABLE "schema_migrations" ("version" varchar NOT NULL PRIMARY KEY)[0m
  [1m[35m (135.3ms)[0m  [1m[35mCREATE TABLE "ar_internal_metadata" ("key" varchar NOT NULL PRIMARY KEY, "value" varchar, "created_at" datetime(6) NOT NULL, "updated_at" datetime(6) NOT NULL)[0m
  [1m[35m (0.2ms)[0m  [1m[34mSELECT "schema_migrations"."version" FROM "schema_migrations" ORDER BY "schema_migrations"."version" ASC[0m
Migrating to CreatePeople (20190924174950)
  [1m[35m (0.1ms)[0m  [1m[36mbegin transaction[0m
  [1m[35m (1.1ms)[0m  [1m[35mCREATE TABLE "people" ("id" integer PRIMARY KEY AUTOINCREMENT NOT NULL, "name" varchar, "surname" varchar, "created_at" datetime(6) NOT NULL, "updated_at" datetime(6) NOT NULL)[0m
  [1m[36mprimary::SchemaMigration Create (0.3ms)[0m  [1m[32mINSERT INTO "schema_migrations" ("version") VALUES (?)[0m  [["version", "20190924174950"]]
  [1m[35m (116.0ms)[0m  [1m[36mcommit transaction[0m
Migrating to CreatePets (20190924175044)
  [1m[35m (0.1ms)[0m  [1m[36mbegin transaction[0m
  [1m[35m (1.0ms)[0m  [1m[35mCREATE TABLE "pets" ("id" integer PRIMARY KEY AUTOINCREMENT NOT NULL, "name" varchar, "person_id" integer NOT NULL, "type" varchar, "created_at" datetime(6) NOT NULL, "updated_at" datetime(6) NOT NULL, CONSTRAINT "fk_rails_88e11d1ea7"
FOREIGN KEY ("person_id")
  REFERENCES "people" ("id")
)[0m
  [1m[35m (0.2ms)[0m  [1m[35mCREATE  INDEX "index_pets_on_person_id" ON "pets" ("person_id")[0m
  [1m[36mprimary::SchemaMigration Create (0.2ms)[0m  [1m[32mINSERT INTO "schema_migrations" ("version") VALUES (?)[0m  [["version", "20190924175044"]]
  [1m[35m (133.8ms)[0m  [1m[36mcommit transaction[0m
  [1m[36mActiveRecord::InternalMetadata Load (0.3ms)[0m  [1m[34mSELECT "ar_internal_metadata".* FROM "ar_internal_metadata" WHERE "ar_internal_metadata"."key" = ? LIMIT ?[0m  [["key", "environment"], ["LIMIT", 1]]
  [1m[35m (0.0ms)[0m  [1m[36mbegin transaction[0m
  [1m[36mActiveRecord::InternalMetadata Create (1.1ms)[0m  [1m[32mINSERT INTO "ar_internal_metadata" ("key", "value", "created_at", "updated_at") VALUES (?, ?, ?, ?)[0m  [["key", "environment"], ["value", "development"], ["created_at", "2019-09-24 17:50:58.661750"], ["updated_at", "2019-09-24 17:50:58.661750"]]
  [1m[35m (140.2ms)[0m  [1m[36mcommit transaction[0m
  [1m[35m (0.1ms)[0m  [1m[34mSELECT sqlite_version(*)[0m
  [1m[35m (0.2ms)[0m  [1m[34mSELECT "schema_migrations"."version" FROM "schema_migrations" ORDER BY "schema_migrations"."version" ASC[0m
  [1m[35m (4.0ms)[0m  [1m[34mSELECT sqlite_version(*)[0m
  [1m[35m (0.1ms)[0m  [1m[36mbegin transaction[0m
  [1m[36mPerson Create (15.6ms)[0m  [1m[32mINSERT INTO "people" ("name", "surname", "created_at", "updated_at") VALUES (?, ?, ?, ?)[0m  [["name", "zareen"], ["surname", "fatema"], ["created_at", "2019-09-24 17:55:28.531623"], ["updated_at", "2019-09-24 17:55:28.531623"]]
  [1m[35m (140.0ms)[0m  [1m[36mcommit transaction[0m
  [1m[35m (0.1ms)[0m  [1m[36mbegin transaction[0m
  [1m[36mPet Create (2.1ms)[0m  [1m[32mINSERT INTO "pets" ("name", "person_id", "created_at", "updated_at") VALUES (?, ?, ?, ?)[0m  [["name", "cholby"], ["person_id", 1], ["created_at", "2019-09-24 17:56:08.138087"], ["updated_at", "2019-09-24 17:56:08.138087"]]
  [1m[35m (127.8ms)[0m  [1m[36mcommit transaction[0m
  [1m[35m (0.0ms)[0m  [1m[36mbegin transaction[0m
  [1m[36mPet Create (2.4ms)[0m  [1m[32mINSERT INTO "pets" ("name", "person_id", "created_at", "updated_at") VALUES (?, ?, ?, ?)[0m  [["name", "jessie"], ["person_id", 1], ["created_at", "2019-09-24 17:56:42.951179"], ["updated_at", "2019-09-24 17:56:42.951179"]]
  [1m[35m (217.6ms)[0m  [1m[36mcommit transaction[0m
Started GET "/" for ::1 at 2019-09-25 00:08:44 +0600
  [1m[35m (2.8ms)[0m  [1m[34mSELECT sqlite_version(*)[0m
  [1m[35m (0.2ms)[0m  [1m[34mSELECT "schema_migrations"."version" FROM "schema_migrations" ORDER BY "schema_migrations"."version" ASC[0m
Processing by Rails::WelcomeController#index as HTML
  Rendering C:/Ruby26-x64/lib/ruby/gems/2.6.0/gems/railties-6.0.0/lib/rails/templates/rails/welcome/index.html.erb
  Rendered C:/Ruby26-x64/lib/ruby/gems/2.6.0/gems/railties-6.0.0/lib/rails/templates/rails/welcome/index.html.erb (Duration: 22.3ms | Allocations: 416)
Completed 200 OK in 69ms (Views: 51.1ms | ActiveRecord: 0.0ms | Allocations: 2225)


Started GET "/query" for ::1 at 2019-09-25 00:09:30 +0600
  
ActionController::RoutingError (No route matches [GET] "/query"):
  
actionpack (6.0.0) lib/action_dispatch/middleware/debug_exceptions.rb:36:in `call'
actionpack (6.0.0) lib/action_dispatch/middleware/show_exceptions.rb:33:in `call'
railties (6.0.0) lib/rails/rack/logger.rb:38:in `call_app'
railties (6.0.0) lib/rails/rack/logger.rb:26:in `block in call'
activesupport (6.0.0) lib/active_support/tagged_logging.rb:80:in `block in tagged'
activesupport (6.0.0) lib/active_support/tagged_logging.rb:28:in `tagged'
activesupport (6.0.0) lib/active_support/tagged_logging.rb:80:in `tagged'
railties (6.0.0) lib/rails/rack/logger.rb:26:in `call'
actionpack (6.0.0) lib/action_dispatch/middleware/remote_ip.rb:81:in `call'
actionpack (6.0.0) lib/action_dispatch/middleware/request_id.rb:27:in `call'
rack (2.0.7) lib/rack/runtime.rb:22:in `call'
activesupport (6.0.0) lib/active_support/cache/strategy/local_cache_middleware.rb:29:in `call'
actionpack (6.0.0) lib/action_dispatch/middleware/executor.rb:14:in `call'
actionpack (6.0.0) lib/action_dispatch/middleware/static.rb:126:in `call'
rack (2.0.7) lib/rack/sendfile.rb:111:in `call'
actionpack (6.0.0) lib/action_dispatch/middleware/host_authorization.rb:83:in `call'
railties (6.0.0) lib/rails/engine.rb:526:in `call'
puma (3.12.1) lib/puma/configuration.rb:227:in `call'
puma (3.12.1) lib/puma/server.rb:660:in `handle_request'
puma (3.12.1) lib/puma/server.rb:474:in `process_client'
puma (3.12.1) lib/puma/server.rb:334:in `block in run'
puma (3.12.1) lib/puma/thread_pool.rb:135:in `block in spawn_thread'
Started POST "/query" for ::1 at 2019-09-25 00:17:24 +0600
  [1m[35m (4.7ms)[0m  [1m[34mSELECT sqlite_version(*)[0m
  [1m[35m (0.2ms)[0m  [1m[34mSELECT "schema_migrations"."version" FROM "schema_migrations" ORDER BY "schema_migrations"."version" ASC[0m
Processing by ApplicationController#query as */*
  Parameters: {"query"=>"{pets {name person {name} } }", "application"=>{"query"=>"{pets {name person {name} } }"}}
  [1m[36mPet Load (0.2ms)[0m  [1m[34mSELECT "pets".* FROM "pets"[0m
  ↳ app/controllers/application_controller.rb:4:in `query'
  [1m[36mPerson Load (0.4ms)[0m  [1m[34mSELECT "people".* FROM "people" WHERE "people"."id" = ? LIMIT ?[0m  [["id", 1], ["LIMIT", 1]]
  ↳ app/types/pet_type.rb:10:in `block (3 levels) in <top (required)>'
  [1m[36mCACHE Person Load (0.0ms)[0m  [1m[34mSELECT "people".* FROM "people" WHERE "people"."id" = ? LIMIT ?[0m  [["id", 1], ["LIMIT", 1]]
  ↳ app/types/pet_type.rb:10:in `block (3 levels) in <top (required)>'
Completed 200 OK in 143ms (Views: 0.7ms | ActiveRecord: 2.2ms | Allocations: 31194)


Started POST "/query" for ::1 at 2019-09-25 00:19:21 +0600
Processing by ApplicationController#query as */*
  Parameters: {"query"=>"{ people { name surname pets { name } } }", "application"=>{"query"=>"{ people { name surname pets { name } } }"}}
  [1m[36mPerson Load (0.3ms)[0m  [1m[34mSELECT "people".* FROM "people"[0m
  ↳ app/controllers/application_controller.rb:4:in `query'
  [1m[36mPet Load (0.3ms)[0m  [1m[34mSELECT "pets".* FROM "pets" WHERE "pets"."person_id" = ?[0m  [["person_id", 1]]
  ↳ app/controllers/application_controller.rb:4:in `query'
Completed 200 OK in 19ms (Views: 0.2ms | ActiveRecord: 0.6ms | Allocations: 4862)


